=========================================
BeadForge AI 自动化迭代
时间: Sat May  2 01:03:18 UTC 2026
=========================================

>>> 阶段0: 分支清理与同步
-----------------------------------
M	.ai_context/iteration.lock
M	.ai_context/last_backup_sha.txt
A	automation_log/improvements/branch_cleanup_20260502_010250.txt
A	automation_log/improvements/improvement_20260502_010252.txt
A	automation_log/improvements/research_20260502_010252.txt
A	automation_log/iteration_20260502_010250.log
A	automation_log/test_results/test_results_20260502_010252.txt
Your branch is up to date with 'origin/main'.
M	.ai_context/iteration.lock
M	.ai_context/last_backup_sha.txt
A	automation_log/improvements/branch_cleanup_20260502_010250.txt
A	automation_log/improvements/improvement_20260502_010252.txt
A	automation_log/improvements/research_20260502_010252.txt
A	automation_log/iteration_20260502_010250.log
A	automation_log/test_results/test_results_20260502_010252.txt
Your branch is up to date with 'origin/main'.

=== BeadForge 分支清理工具 ===
执行时间: Sat May  2 01:03:18 UTC 2026

--- 验证 Main 分支状态 ---
✓ 当前在主分支上: main
--- 当前分支状态 ---
* main
  remotes/origin/HEAD -> origin/main
  remotes/origin/main

--- 清理本地临时分支 ---
✓ 保留主分支: main

--- 同步并确保 main 分支 ---
✓ Main 分支已同步

=== 分支清理完成 ===
日志文件: /workspace/automation_log/improvements/branch_cleanup_20260502_010318.txt
分支清理完成，退出码: 0


>>> 阶段1: 准备阶段 - 创建备份
-----------------------------------
