=========================================
BeadForge AI 自动化迭代
时间: Sat May  2 15:01:21 UTC 2026
=========================================

>>> 阶段0: 分支清理与同步
-----------------------------------
Your branch is up to date with 'origin/main'.
Your branch is up to date with 'origin/main'.

=== BeadForge 分支清理工具 ===
执行时间: Sat May  2 15:01:21 UTC 2026

--- 验证 Main 分支状态 ---
✓ 当前在主分支上: main
--- 当前分支状态 ---
* main
  remotes/origin/HEAD -> origin/main
  remotes/origin/main

--- 清理本地临时分支 ---
✓ 保留主分支: main

--- 同步并确保 main 分支 ---
✓ Main 分支已同步

=== 分支清理完成 ===
日志文件: /workspace/automation_log/improvements/branch_cleanup_20260502_150121.txt
分支清理完成，退出码: 0


>>> 阶段1: 准备阶段 - 创建备份
-----------------------------------
备份点 SHA: 4c2a333eb87d5f46b85fa5cc4a0da79a793c4b88

>>> 阶段2: 代码分析
-----------------------------------
[Sat May  2 15:01:23 UTC 2026] Another iteration is running (PID: 2310). Exiting.
分析完成，退出码: 1

>>> 阶段3: 研究同类项目
-----------------------------------

同类项目研究完成
研究完成，退出码: 0

>>> 阶段4: 实施改进
-----------------------------------
尝试 #1 / 3

代码改进分析完成
报告保存到: /workspace/automation_log/improvements/improvement_20260502_150123.txt
仅完成分析，无破坏性变更
改进实施成功

>>> 阶段5: 测试验证
-----------------------------------
Test execution complete. Exit code: 0

>>> 阶段6: 提交或回滚
-----------------------------------
测试通过，准备提交...
Author identity unknown

*** Please tell me who you are.

Run

  git config --global user.email "you@example.com"
  git config --global user.name "Your Name"

to set your account's default identity.
Omit --global to set the identity only in this repository.

fatal: unable to auto-detect email address (got 'root@all-in-one-29-gj9dd.(none)')
提交完成: 4c2a333
推送到远程 main 分支...

>>> 阶段7: 生成报告
-----------------------------------

报告生成完成
HTML报告: /workspace/automation_log/report_20260502_150126.html

=========================================
迭代完成
时间: Sat May  2 15:01:26 UTC 2026
=========================================

所有日志文件已保存到: /workspace/automation_log
主日志: /workspace/automation_log/iteration_20260502_150121.log
